0 info it worked if it ends with ok
1 verbose cli [ 'C:\\Program Files (x86)\\nodejs\\\\node.exe',
1 verbose cli   'C:\\Program Files (x86)\\nodejs\\node_modules\\npm\\bin\\npm-cli.js',
1 verbose cli   'run',
1 verbose cli   'dev' ]
2 info using npm@2.10.1
3 info using node@v0.12.4
4 verbose run-script [ 'predev', 'dev', 'postdev' ]
5 info predev application-name@0.0.1
6 info dev application-name@0.0.1
7 verbose unsafe-perm in lifecycle true
8 info application-name@0.0.1 Failed to exec dev script
9 verbose stack Error: application-name@0.0.1 dev: `webpack-dev-server --devtool source-map --progress --colors --hot --content-base build`
9 verbose stack Exit status 1
9 verbose stack     at EventEmitter.<anonymous> (C:\Program Files (x86)\nodejs\node_modules\npm\lib\utils\lifecycle.js:213:16)
9 verbose stack     at EventEmitter.emit (events.js:110:17)
9 verbose stack     at ChildProcess.<anonymous> (C:\Program Files (x86)\nodejs\node_modules\npm\lib\utils\spawn.js:24:14)
9 verbose stack     at ChildProcess.emit (events.js:110:17)
9 verbose stack     at maybeClose (child_process.js:1015:16)
9 verbose stack     at Process.ChildProcess._handle.onexit (child_process.js:1087:5)
10 verbose pkgid application-name@0.0.1
11 verbose cwd E:\Workhub\WorkHub-Helen
12 error Windows_NT 6.3.9600
13 error argv "C:\\Program Files (x86)\\nodejs\\\\node.exe" "C:\\Program Files (x86)\\nodejs\\node_modules\\npm\\bin\\npm-cli.js" "run" "dev"
14 error node v0.12.4
15 error npm  v2.10.1
16 error code ELIFECYCLE
17 error application-name@0.0.1 dev: `webpack-dev-server --devtool source-map --progress --colors --hot --content-base build`
17 error Exit status 1
18 error Failed at the application-name@0.0.1 dev script 'webpack-dev-server --devtool source-map --progress --colors --hot --content-base build'.
18 error This is most likely a problem with the application-name package,
18 error not with npm itself.
18 error Tell the author that this fails on your system:
18 error     webpack-dev-server --devtool source-map --progress --colors --hot --content-base build
18 error You can get their info via:
18 error     npm owner ls application-name
18 error There is likely additional logging output above.
19 verbose exit [ 1, true ]
